# JRE version: Java(TM) SE Runtime Environment 18.9 (11.0.13+10) (build 11.0.13+10-LTS-370)
# Java VM: Java HotSpot(TM) 64-Bit Server VM 18.9 (11.0.13+10-LTS-370, mixed mode, tiered, compressed oops, g1 gc, windows-amd64)
Heap:
 garbage-first heap   total 260096K, used 7994K [0x0000000703a00000, 0x0000000800000000)
  region size 1024K, 3 young (3072K), 3 survivors (3072K)
 Metaspace       used 23084K, capacity 23807K, committed 23936K, reserved 1081344K
  class space    used 2765K, capacity 3121K, committed 3200K, reserved 1048576K
GC Heap History (8 events):
Event: 3.913 GC heap before
{Heap before GC invocations=0 (full 0):
 garbage-first heap   total 260096K, used 24576K [0x0000000703a00000, 0x0000000800000000)
  region size 1024K, 24 young (24576K), 0 survivors (0K)
 Metaspace       used 14203K, capacity 14513K, committed 14720K, reserved 1062912K
  class space    used 1512K, capacity 1637K, committed 1664K, reserved 1048576K
}
Event: 3.918 GC heap after
{Heap after GC invocations=1 (full 0):
 garbage-first heap   total 260096K, used 5678K [0x0000000703a00000, 0x0000000800000000)
  region size 1024K, 3 young (3072K), 3 survivors (3072K)
 Metaspace       used 14203K, capacity 14513K, committed 14720K, reserved 1062912K
  class space    used 1512K, capacity 1637K, committed 1664K, reserved 1048576K
}
Event: 4.616 GC heap before
{Heap before GC invocations=1 (full 0):
 garbage-first heap   total 260096K, used 28206K [0x0000000703a00000, 0x0000000800000000)
  region size 1024K, 25 young (25600K), 3 survivors (3072K)
 Metaspace       used 18604K, capacity 19219K, committed 19456K, reserved 1067008K
  class space    used 2189K, capacity 2451K, committed 2560K, reserved 1048576K
}
Event: 4.621 GC heap after
{Heap after GC invocations=2 (full 0):
 garbage-first heap   total 260096K, used 7451K [0x0000000703a00000, 0x0000000800000000)
  region size 1024K, 2 young (2048K), 2 survivors (2048K)
 Metaspace       used 18604K, capacity 19219K, committed 19456K, reserved 1067008K
  class space    used 2189K, capacity 2451K, committed 2560K, reserved 1048576K
}
Event: 5.175 GC heap before
{Heap before GC invocations=2 (full 0):
 garbage-first heap   total 260096K, used 16667K [0x0000000703a00000, 0x0000000800000000)
  region size 1024K, 12 young (12288K), 2 survivors (2048K)
 Metaspace       used 20479K, capacity 21106K, committed 21248K, reserved 1069056K
  class space    used 2418K, capacity 2703K, committed 2816K, reserved 1048576K
}
Event: 5.178 GC heap after
{Heap after GC invocations=3 (full 0):
 garbage-first heap   total 260096K, used 7556K [0x0000000703a00000, 0x0000000800000000)
  region size 1024K, 2 young (2048K), 2 survivors (2048K)
 Metaspace       used 20479K, capacity 21106K, committed 21248K, reserved 1069056K
  class space    used 2418K, capacity 2703K, committed 2816K, reserved 1048576K
}
Event: 5.427 GC heap before
{Heap before GC invocations=4 (full 0):
 garbage-first heap   total 260096K, used 22916K [0x0000000703a00000, 0x0000000800000000)
  region size 1024K, 18 young (18432K), 2 survivors (2048K)
 Metaspace       used 23084K, capacity 23807K, committed 23936K, reserved 1079296K
  class space    used 2765K, capacity 3121K, committed 3200K, reserved 1048576K
}
Event: 5.429 GC heap after
{Heap after GC invocations=5 (full 0):
 garbage-first heap   total 260096K, used 7994K [0x0000000703a00000, 0x0000000800000000)
  region size 1024K, 3 young (3072K), 3 survivors (3072K)
 Metaspace       used 23084K, capacity 23807K, committed 23936K, reserved 1079296K
  class space    used 2765K, capacity 3121K, committed 3200K, reserved 1048576K
}

